{"timestamp":"2026-01-26T08:26:00.771Z","type":"BOOKING_REQUESTED","to":"kielvincentalpapara003@gmail.com","subject":"Appointment Request Received: APT-665A79","content":"Hi bins, we've received your appointment request for General Service on 2/13/2026, 10:30:00 AM. Your reference code is APT-665A79. We will contact you soon to confirm!"}
{"timestamp":"2026-01-26T08:27:04.595Z","type":"APPOINTMENT_CONFIRMED","to":"kielvincentalpapara003@gmail.com","subject":"Appointment Confirmed: APT-665A79 - 2/13/2026, 10:30:00 AM","content":"Good news bins! Your appointment (APT-665A79) for General Service on 2/13/2026, 10:30:00 AM has been CONFIRMED. Please arrive 10 minutes early."}
{"timestamp":"2026-01-26T08:43:07.994Z","type":"BOOKING_REQUESTED","to":"kielvincentalpapara003@gmail.com","subject":"Appointment Request Received: APT-5AFAAE","content":"Hi bins, we've received your appointment request for General Service on 2/20/2026, 10:30:00 AM. Your reference code is APT-5AFAAE. We will contact you soon to confirm!"}
{"timestamp":"2026-01-26T08:43:47.624Z","type":"APPOINTMENT_CONFIRMED","to":"kielvincentalpapara003@gmail.com","subject":"Appointment Confirmed: APT-5AFAAE - 2/20/2026, 10:30:00 AM","content":"Good news bins! Your appointment (APT-5AFAAE) for General Service on 2/20/2026, 10:30:00 AM has been CONFIRMED. Please arrive 10 minutes early."}
{"timestamp":"2026-01-26T08:43:49.636Z","type":"APPOINTMENT_CONFIRMED","to":"kielvincentalpapara003@gmail.com","subject":"Appointment Confirmed: APT-5AFAAE - 2/20/2026, 10:30:00 AM","content":"Good news bins! Your appointment (APT-5AFAAE) for General Service on 2/20/2026, 10:30:00 AM has been CONFIRMED. Please arrive 10 minutes early."}
{"timestamp":"2026-01-26T08:49:11.181Z","type":"ORDER_PROCESSED","to":"kielvincentalpapara003@gmail.com","subject":"Order Processed: 6574AB5F","content":"Hello kielvincentalpapara, your order #6574AB5F is now being processed. We will notify you when it ships."}
{"timestamp":"2026-01-26T08:49:12.559Z","type":"ORDER_PROCESSED","to":"kielvincentalpapara003@gmail.com","subject":"Order Processed: 6574AB5F","content":"Hello kielvincentalpapara, your order #6574AB5F is now being processed. We will notify you when it ships."}
{"timestamp":"2026-01-26T08:49:14.046Z","type":"ORDER_PROCESSED","to":"kielvincentalpapara003@gmail.com","subject":"Order Processed: 6574AB5F","content":"Hello kielvincentalpapara, your order #6574AB5F is now being processed. We will notify you when it ships."}
{"timestamp":"2026-01-26T08:49:32.885Z","type":"ORDER_SHIPPED","to":"kielvincentalpapara003@gmail.com","subject":"Order Shipped: 6574AB5F","content":"Great news kielvincentalpapara! Your order #6574AB5F has been shipped. It should arrive soon."}
{"timestamp":"2026-01-26T08:49:35.202Z","type":"ORDER_SHIPPED","to":"kielvincentalpapara003@gmail.com","subject":"Order Shipped: 6574AB5F","content":"Great news kielvincentalpapara! Your order #6574AB5F has been shipped. It should arrive soon."}
{"timestamp":"2026-01-27T05:03:23.780Z","type":"JOB_ORDER_CREATED","to":"admin@aurum.com","subject":"New Repair Job Started: JO-200734","content":"Hello wasp, your vehicle (bmw m4) has been checked in. Your Job Order Number is JO-200734. You can track it at /track using this number and your plate awsd123456."}
{"timestamp":"2026-01-27T05:20:53.428Z","type":"JOB_ORDER_CREATED","to":"admin@aurum.com","subject":"New Repair Job Started: JO-250960","content":"Hello wasp, your vehicle (bmw m4) has been checked in. Your Job Order Number is JO-250960. You can track it at /track using this number and your plate awsd123456."}
{"timestamp":"2026-01-27T05:51:34.218Z","type":"JOB_ORDER_CREATED","to":"kielvincentalpapara003@gmail.com","subject":"New Repair Job Started: JO-093045","content":"Hello sharp, your vehicle (honda xpander) has been checked in. Your Job Order Number is JO-093045. You can track it at /track using this number and your plate sdn 1456."}
{"timestamp":"2026-01-27T05:51:41.718Z","type":"JOB_STATUS_UPDATED","to":"kielvincentalpapara003@gmail.com","subject":"Update on Job JO-093045: DIAGNOSING","content":"Hello sharp, the status of your repair job (JO-093045) for your honda xpander has been updated to: DIAGNOSING."}
{"timestamp":"2026-01-27T06:00:04.524Z","type":"JOB_STATUS_UPDATED","to":"kielvincentalpapara003@gmail.com","subject":"Update on Job JO-093045: RELEASED","content":"Hello sharp, the status of your repair job (JO-093045) for your honda xpander has been updated to: RELEASED."}
{"timestamp":"2026-01-27T06:00:34.076Z","type":"JOB_READY","to":"kielvincentalpapara003@gmail.com","subject":"Project Completed: JO-093045 is ready for release","content":"Great news, sharp! The work on your honda xpander is complete. Your final bill is Calculated upon release. See you at the workshop!"}
{"timestamp":"2026-01-27T06:01:24.166Z","type":"JOB_STATUS_UPDATED","to":"kielvincentalpapara003@gmail.com","subject":"Update on Job JO-093045: IN_PROGRESS","content":"Hello sharp, the status of your repair job (JO-093045) for your honda xpander has been updated to: IN_PROGRESS."}
{"timestamp":"2026-01-27T06:01:34.467Z","type":"JOB_STATUS_UPDATED","to":"admin@aurum.com","subject":"Update on Job JO-250960: WAITING_FOR_PARTS","content":"Hello wasp, the status of your repair job (JO-250960) for your bmw m4 has been updated to: WAITING_FOR_PARTS."}
{"timestamp":"2026-01-27T08:22:00.027Z","type":"JOB_READY","to":"kielvincentalpapara003@gmail.com","subject":"Project Completed: JO-093045 is ready for release","content":"Great news, sharp! The work on your honda xpander is complete. Your final bill is Calculated upon release. See you at the workshop!"}
{"timestamp":"2026-01-27T08:33:36.741Z","type":"PAYMENT_RECEIVED","to":"kielvincentalpapara003@gmail.com","subject":"Payment Received - Receipt for INV-863437","content":"Hello sharp, we received your payment of 10000. Your invoice INV-863437 is now PAID. View your digital receipt here: /receipt/undefined"}
{"timestamp":"2026-01-27T09:01:14.564Z","type":"INVOICE_GENERATED","to":"admin@aurum.com","subject":"Billing Statement Ready: INV-473621","content":"Hello undefined, your billing statement for Job JO-250960 is now ready. Total amount due: ₱10,500. View your digital invoice here: /receipt/cec2f97d-fe9b-42cd-87f9-467cbe9c47f5"}
{"timestamp":"2026-01-27T09:01:28.793Z","type":"JOB_READY","to":"admin@aurum.com","subject":"Project Completed: JO-250960 is ready for release","content":"Great news, wasp! The work on your bmw m4 is complete. Your final bill is Calculated upon release. See you at the workshop!"}
{"timestamp":"2026-01-27T09:14:05.682Z","type":"APPOINTMENT_CANCELLED","to":"kielvincentalpapara003@gmail.com","subject":"Appointment Cancelled: APT-D7F54E","content":"Hi Kiel Vincent Alpapara, your appointment (APT-D7F54E) has been cancelled. If this was a mistake, please contact us immediately."}
{"timestamp":"2026-01-27T09:14:07.948Z","type":"APPOINTMENT_CANCELLED","to":"kielvincentalpapara005@gmail.com","subject":"Appointment Cancelled: APT-31D37C","content":"Hi Tib, your appointment (APT-31D37C) has been cancelled. If this was a mistake, please contact us immediately."}
